e:\dropbox\code\chrome_cache\chrome_cache\debug\vcpkg.applocal.log
e:\dropbox\code\chrome_cache\debug\chrome_cache.lib
e:\dropbox\code\chrome_cache\debug\chrome_cache.exp
e:\dropbox\code\chrome_cache\debug\boost_iostreams-vc141-mt-gd-x32-1_67.dll
e:\dropbox\code\chrome_cache\debug\zlibd1.dll
e:\dropbox\code\chrome_cache\debug\libbz2d.dll
e:\dropbox\code\chrome_cache\debug\lzma.dll
e:\dropbox\code\chrome_cache\chrome_cache\debug\chrome_cache.pch
e:\dropbox\code\chrome_cache\chrome_cache\debug\vc141.pdb
e:\dropbox\code\chrome_cache\chrome_cache\debug\vc141.idb
e:\dropbox\code\chrome_cache\chrome_cache\debug\stdafx.obj
e:\dropbox\code\chrome_cache\chrome_cache\debug\chrome_cache.obj
e:\dropbox\code\chrome_cache\debug\chrome_cache.exe
e:\dropbox\code\chrome_cache\debug\chrome_cache.ilk
e:\dropbox\code\chrome_cache\debug\chrome_cache.pdb
e:\dropbox\code\chrome_cache\chrome_cache\debug\chrome_cache.new.obj.enc
e:\dropbox\code\chrome_cache\chrome_cache\debug\chrome_cache.obj.enc
e:\dropbox\code\chrome_cache\chrome_cache\debug\chrome_cache.tlog\chrome_cache.write.1u.tlog
e:\dropbox\code\chrome_cache\chrome_cache\debug\chrome_cache.tlog\cl.command.1.tlog
e:\dropbox\code\chrome_cache\chrome_cache\debug\chrome_cache.tlog\cl.read.1.tlog
e:\dropbox\code\chrome_cache\chrome_cache\debug\chrome_cache.tlog\cl.write.1.tlog
e:\dropbox\code\chrome_cache\chrome_cache\debug\chrome_cache.tlog\link.5852-rc.read.1.tlog
e:\dropbox\code\chrome_cache\chrome_cache\debug\chrome_cache.tlog\link.5852.read.1.tlog
e:\dropbox\code\chrome_cache\chrome_cache\debug\chrome_cache.tlog\link.command.1.tlog
e:\dropbox\code\chrome_cache\chrome_cache\debug\chrome_cache.tlog\link.read.1.tlog
e:\dropbox\code\chrome_cache\chrome_cache\debug\chrome_cache.tlog\link.write.1.tlog
