e:\dropbox\code\chrome_cache\firefox_cache\debug\firefox_cache.pch
e:\dropbox\code\chrome_cache\firefox_cache\debug\vc141.pdb
e:\dropbox\code\chrome_cache\firefox_cache\debug\vc141.idb
e:\dropbox\code\chrome_cache\firefox_cache\debug\stdafx.obj
e:\dropbox\code\chrome_cache\firefox_cache\debug\firefox_cache.obj
e:\dropbox\code\chrome_cache\firefox_cache\debug\vcpkg.applocal.log
e:\dropbox\code\chrome_cache\debug\firefox_cache.lib
e:\dropbox\code\chrome_cache\debug\firefox_cache.exp
e:\dropbox\code\chrome_cache\debug\firefox_cache.exe
e:\dropbox\code\chrome_cache\debug\firefox_cache.ilk
e:\dropbox\code\chrome_cache\debug\firefox_cache.pdb
e:\dropbox\code\chrome_cache\firefox_cache\debug\firefox_cache.new.obj.enc
e:\dropbox\code\chrome_cache\firefox_cache\debug\firefox_cache.obj.enc
e:\dropbox\code\chrome_cache\firefox_cache\debug\firefox_cache.tlog\cl.command.1.tlog
e:\dropbox\code\chrome_cache\firefox_cache\debug\firefox_cache.tlog\cl.read.1.tlog
e:\dropbox\code\chrome_cache\firefox_cache\debug\firefox_cache.tlog\cl.write.1.tlog
e:\dropbox\code\chrome_cache\firefox_cache\debug\firefox_cache.tlog\firefox_cache.write.1u.tlog
e:\dropbox\code\chrome_cache\firefox_cache\debug\firefox_cache.tlog\link.command.1.tlog
e:\dropbox\code\chrome_cache\firefox_cache\debug\firefox_cache.tlog\link.read.1.tlog
e:\dropbox\code\chrome_cache\firefox_cache\debug\firefox_cache.tlog\link.write.1.tlog
